
14:16:17: 304068
14:16:18: 304992
14:16:19: 305784
14:16:20: 306708
14:16:21: 307500
14:16:22: 308292
14:16:23: 309084
14:16:24: 310008
14:16:25: 310800
14:16:26: 311592
14:16:27: 312384
14:16:28: 313176
14:16:29: 313968
14:16:30: 314760
14:16:31: 315420
14:16:32: 316212
14:16:33: 317004
14:16:34: 317796
14:16:35: 318456
14:16:37: 319248
14:16:38: 319908
14:16:39: 320700
14:16:40: 321360
14:16:41: 322152
14:16:42: 322812
14:16:43: 323472
14:16:44: 324264
14:16:45: 324924
14:16:46: 325716
14:16:47: 326376
14:16:48: 327036
14:16:49: 327564
14:16:50: 328092
14:16:51: 328620
14:16:52: 329148
14:16:53: 329676
14:16:54: 330204
14:16:55: 330732
14:16:56: 331260
14:16:57: 331788
14:16:58: 332184
14:16:59: 332712
14:17:00: 333240
14:17:01: 333768
14:17:02: 334296
14:17:03: 334824
14:17:04: 335352
14:17:05: 335880
14:17:06: 336276
14:17:07: 336804
14:17:08: 337332
14:17:09: 337860
14:17:10: 338388
14:17:11: 338916
14:17:12: 339312
14:17:13: 339840
14:17:14: 340368
14:17:15: 340896
14:17:16: 341292
14:17:17: 341820
14:17:18: 342348
14:17:19: 342876
14:17:20: 343404
14:17:21: 343800
14:17:22: 344328
14:17:23: 344856
14:17:24: 345252
14:17:25: 345780
14:17:26: 346176
14:17:27: 346704
14:17:28: 347100
